999001 1000999
3 5
1 1
243543 244529
355813 357005
262657 263681
175981 176819
228007 228961
245521 246511
167691 168509
210223 211139
313041 314159
349873 351055
203853 204755
319791 320921
353431 354619
242557 243541
351057 352241
264711 265739
267807 268841
4971 5111
15501 15749
27061 27389
3783 3905
20307 20591
31507 31861
703 755
27723 28055
2071 2161
343 379
2757 2861
211 239
7141 7309
463 505
1807 1891
22053 22349
37057 37441
9507 9701
10101 10301
32581 32941
118681 119369
118681 119369
96411 97031
71557 72091
87913 88505
144781 145541
79807 80371
78681 79241
49507 49951
49507 49951
147073 147839
137271 138011
79243 79805
98283 98909
69961 70489
63253 63755
138013 138755
141753 142505
71023 71555
83811 84389
572293 573805
632821 634411
584461 585989
554281 555769
472657 474031
585991 587521
592131 593669
442891 444221
363007 364211
467173 468539
434941 436259
363007 364211
475411 476789
408961 410239
581407 582931
482331 483719
610743 612305
612307 613871
469911 471281
575323 576839
805507 807301
981091 983071
847321 849161
731881 733591
771763 773519
995007 997001
920641 922559
858403 860255
860257 862111
997003 998999
989031 991019
989031 991019
691393 693055
798343 800129
939931 941869
878907 880781
941871 943811
993013 995005
723351 725051
648831 650441
